Validating found git in: git
Using git 2.25.1 from git
Opening repository for path='/var/www/html/php/php_mysql' failed; ex=Failed to execute git {
  "exitCode": 128,
  "gitCommand": "rev-parse",
  "stdout": "",
  "stderr": "fatal: 不是 git 仓库（或者任何父目录）：.git\n"
}
Opening repository for path='/var/www/html/php/php_mysql/nl2br.php' failed; ex=Error: spawn ENOTDIR
Opening repository for path='/var/www/html/php/php_mysql/printf.php' failed; ex=Error: spawn ENOTDIR
Opening repository for path='/var/www/html/php/php_mysql/rand.php' failed; ex=Error: spawn ENOTDIR
Opening repository for path='/var/www/html/php/php_mysql/special.php' failed; ex=Error: spawn ENOTDIR
Opening repository for path='/var/www/html/php/php_mysql/str.php' failed; ex=Error: spawn ENOTDIR
Opening repository for path='/var/www/html/php/php_mysql/trim.php' failed; ex=Error: spawn ENOTDIR
Opening repository for path='/var/www/html/php/php_mysql/~looptoto' failed; ex=Failed to execute git {
  "exitCode": 128,
  "gitCommand": "rev-parse",
  "stdout": "",
  "stderr": "fatal: 不是 git 仓库（或者任何父目录）：.git\n"
}
Opening repository for path='/var/www/html/php/php_mysql' failed; ex=Failed to execute git {
  "exitCode": 128,
  "gitCommand": "rev-parse",
  "stdout": "",
  "stderr": "fatal: 不是 git 仓库（或者任何父目录）：.git\n"
}
Opening repository for path='/var/www/html/php/php_mysql' failed; ex=Failed to execute git {
  "exitCode": 128,
  "gitCommand": "rev-parse",
  "stdout": "",
  "stderr": "fatal: 不是 git 仓库（或者任何父目录）：.git\n"
}
